[0.007s] Invoking command in '/home/broodjesemih/ros2_ws/build/les_pkg': CMAKE_PREFIX_PATH=${CMAKE_PREFIX_PATH}:/opt/ros/jazzy DEBUGINFOD_URLS=https://debuginfod.ubuntu.com /usr/bin/cmake --build /home/broodjesemih/ros2_ws/build/les_pkg -- -j20 -l20
[0.051s] [ 33%] Built target template_general
[0.053s] [ 66%] Built target clock
[0.054s] [ 83%] [32mBuilding CXX object CMakeFiles/template_walltimer.dir/src/template_walltimer.cpp.o[0m
[1.193s] [01m[K/home/broodjesemih/ros2_ws/src/les_pkg/src/template_walltimer.cpp:72:20:[m[K [01;31m[Kerror: [m[Kcannot convert â€˜[01m[Krclcpp::Time[m[Kâ€™ to â€˜[01m[Kint[m[Kâ€™ in initialization
[1.193s]    72 |     int counter_ = [01;31m[Kmy_time[m[K;   // example parameter
[1.194s]       |                    [01;31m[K^~~~~~~[m[K
[1.194s]       |                    [01;31m[K|[m[K
[1.194s]       |                    [01;31m[Krclcpp::Time[m[K
[1.553s] gmake[2]: *** [CMakeFiles/template_walltimer.dir/build.make:76: CMakeFiles/template_walltimer.dir/src/template_walltimer.cpp.o] Error 1
[1.553s] gmake[1]: *** [CMakeFiles/Makefile2:193: CMakeFiles/template_walltimer.dir/all] Error 2
[1.553s] gmake: *** [Makefile:146: all] Error 2
[1.555s] Invoked command in '/home/broodjesemih/ros2_ws/build/les_pkg' returned '2': CMAKE_PREFIX_PATH=${CMAKE_PREFIX_PATH}:/opt/ros/jazzy DEBUGINFOD_URLS=https://debuginfod.ubuntu.com /usr/bin/cmake --build /home/broodjesemih/ros2_ws/build/les_pkg -- -j20 -l20
