[0.010s] Invoking command in '/home/broodjesemih/ros2_ws/build/les_pkg': CMAKE_PREFIX_PATH=/home/broodjesemih/ros2_ws/install/my_robot_interfaces:/home/broodjesemih/homework_ws/install/les_pkg:/home/broodjesemih/ros2_ws/install/les_pkg:/opt/ros/jazzy/opt/gz_sim_vendor:/opt/ros/jazzy/opt/gz_sensors_vendor:/opt/ros/jazzy/opt/gz_physics_vendor:/opt/ros/jazzy/opt/sdformat_vendor:/opt/ros/jazzy/opt/gz_gui_vendor:/opt/ros/jazzy/opt/gz_transport_vendor:/opt/ros/jazzy/opt/gz_rendering_vendor:/opt/ros/jazzy/opt/gz_plugin_vendor:/opt/ros/jazzy/opt/gz_fuel_tools_vendor:/opt/ros/jazzy/opt/gz_msgs_vendor:/opt/ros/jazzy/opt/gz_common_vendor:/opt/ros/jazzy/opt/gz_math_vendor:/opt/ros/jazzy/opt/gz_utils_vendor:/opt/ros/jazzy/opt/gz_tools_vendor:/opt/ros/jazzy/opt/gz_ogre_next_vendor:/opt/ros/jazzy/opt/gz_dartsim_vendor:/opt/ros/jazzy/opt/gz_cmake_vendor:/opt/ros/jazzy DEBUGINFOD_URLS=https://debuginfod.ubuntu.com /usr/bin/cmake --build /home/broodjesemih/ros2_ws/build/les_pkg -- -j20 -l20
[0.030s] -- Found ament_cmake: 2.5.4 (/opt/ros/jazzy/share/ament_cmake/cmake)
[0.170s] -- Found rclcpp: 28.1.11 (/opt/ros/jazzy/share/rclcpp/cmake)
[0.186s] -- Found rosidl_generator_c: 4.6.6 (/opt/ros/jazzy/share/rosidl_generator_c/cmake)
[0.191s] -- Found rosidl_generator_cpp: 4.6.6 (/opt/ros/jazzy/share/rosidl_generator_cpp/cmake)
[0.198s] -- Using all available rosidl_typesupport_c: rosidl_typesupport_fastrtps_c;rosidl_typesupport_introspection_c
[0.205s] -- Using all available rosidl_typesupport_cpp: rosidl_typesupport_fastrtps_cpp;rosidl_typesupport_introspection_cpp
[0.241s] -- Found rmw_implementation_cmake: 7.3.2 (/opt/ros/jazzy/share/rmw_implementation_cmake/cmake)
[0.241s] -- Found rmw_fastrtps_cpp: 8.4.3 (/opt/ros/jazzy/share/rmw_fastrtps_cpp/cmake)
[0.286s] -- Using RMW implementation 'rmw_fastrtps_cpp' as default
[0.327s] -- Found rclcpp_action: 28.1.11 (/opt/ros/jazzy/share/rclcpp_action/cmake)
[0.350s] -- Found geometry_msgs: 5.3.6 (/opt/ros/jazzy/share/geometry_msgs/cmake)
[0.368s] -- Found my_robot_interfaces: 0.0.0 (/home/broodjesemih/ros2_ws/install/my_robot_interfaces/share/my_robot_interfaces/cmake)
[0.376s] -- Found ament_lint_auto: 0.17.3 (/opt/ros/jazzy/share/ament_lint_auto/cmake)
[0.432s] -- Added test 'cppcheck' to perform static code analysis on C / C++ code
[0.432s] -- Configured cppcheck include dirs: 
[0.432s] -- Configured cppcheck exclude dirs and/or files: 
[0.432s] -- Added test 'lint_cmake' to check CMake code style
[0.432s] -- Added test 'uncrustify' to check C / C++ code style
[0.433s] -- Configured uncrustify additional arguments: 
[0.433s] -- Added test 'xmllint' to check XML markup files
[0.433s] -- Configuring done (0.4s)
[0.446s] -- Generating done (0.0s)
[0.451s] -- Build files have been written to: /home/broodjesemih/ros2_ws/build/les_pkg
[0.483s] [ 10%] [32mBuilding CXX object CMakeFiles/template_subscriber.dir/src/template_subscriber.cpp.o[0m
[0.485s] [ 30%] Built target template_walltimer
[0.486s] [ 50%] Built target template_general
[0.487s] [ 70%] Built target clock
[0.489s] [ 80%] [32mBuilding CXX object CMakeFiles/template_publisher.dir/src/template_publisher.cpp.o[0m
[1.650s] [01m[K/home/broodjesemih/ros2_ws/src/les_pkg/src/template_subscriber.cpp:[m[K In function â€˜[01m[Kint[01;32m[K main[m[K(int, char**)[m[Kâ€™:
[1.650s] [01m[K/home/broodjesemih/ros2_ws/src/les_pkg/src/template_subscriber.cpp:56:32:[m[K [01;31m[Kerror: [m[Kâ€˜[01m[KTemplateSubscriber[m[Kâ€™ was not declared in this scope; did you mean â€˜[01m[KTemplatePublisher[m[Kâ€™?
[1.650s]    56 |   auto node = std::make_shared<[01;31m[KTemplateSubscriber[m[K>();
[1.651s]       |                                [01;31m[K^~~~~~~~~~~~~~~~~~[m[K
[1.651s]       |                                [32m[KTemplatePublisher[m[K
[1.651s] [01m[K/home/broodjesemih/ros2_ws/src/les_pkg/src/template_subscriber.cpp:56:51:[m[K [01;31m[Kerror: [m[Kno matching function for call to â€˜[01m[Kmake_shared<<expression error> >()[m[Kâ€™
[1.651s]    56 |   auto node = [01;31m[Kstd::make_shared<TemplateSubscriber>()[m[K;
[1.651s]       |               [01;31m[K~~~~~~~~~~~~~~~~~~~~~~~~~~~~~~~~~~~~^~[m[K
[1.651s] In file included from [01m[K/usr/include/c++/13/memory:80[m[K,
[1.651s]                  from [01m[K/opt/ros/jazzy/include/rclcpp/rclcpp/rclcpp.hpp:169[m[K,
[1.651s]                  from [01m[K/home/broodjesemih/ros2_ws/src/les_pkg/src/template_subscriber.cpp:17[m[K:
[1.651s] [01m[K/usr/include/c++/13/bits/shared_ptr.h:1005:5:[m[K [01;36m[Knote: [m[Kcandidate: â€˜[01m[Ktemplate<class _Tp, class ... _Args> std::shared_ptr<typename std::enable_if<(! std::is_array< <template-parameter-1-1> >::value), _Tp>::type> std::[01;32m[Kmake_shared[m[K(_Args&& ...)[m[Kâ€™
[1.651s]  1005 |     [01;36m[Kmake_shared[m[K(_Args&&... __args)
[1.651s]       |     [01;36m[K^~~~~~~~~~~[m[K
[1.651s] [01m[K/usr/include/c++/13/bits/shared_ptr.h:1005:5:[m[K [01;36m[Knote: [m[K  template argument deduction/substitution failed:
[1.651s] [01m[K/home/broodjesemih/ros2_ws/src/les_pkg/src/template_subscriber.cpp:56:51:[m[K [01;31m[Kerror: [m[Ktemplate argument 1 is invalid
[1.651s]    56 |   auto node = [01;31m[Kstd::make_shared<TemplateSubscriber>()[m[K;
[1.652s]       |               [01;31m[K~~~~~~~~~~~~~~~~~~~~~~~~~~~~~~~~~~~~^~[m[K
[2.135s] gmake[2]: *** [CMakeFiles/template_subscriber.dir/build.make:76: CMakeFiles/template_subscriber.dir/src/template_subscriber.cpp.o] Error 1
[2.135s] gmake[1]: *** [CMakeFiles/Makefile2:249: CMakeFiles/template_subscriber.dir/all] Error 2
[2.135s] gmake[1]: *** Waiting for unfinished jobs....
[2.602s] [ 90%] [32m[1mLinking CXX executable template_publisher[0m
[2.696s] [ 90%] Built target template_publisher
[2.697s] gmake: *** [Makefile:146: all] Error 2
[2.698s] Invoked command in '/home/broodjesemih/ros2_ws/build/les_pkg' returned '2': CMAKE_PREFIX_PATH=/home/broodjesemih/ros2_ws/install/my_robot_interfaces:/home/broodjesemih/homework_ws/install/les_pkg:/home/broodjesemih/ros2_ws/install/les_pkg:/opt/ros/jazzy/opt/gz_sim_vendor:/opt/ros/jazzy/opt/gz_sensors_vendor:/opt/ros/jazzy/opt/gz_physics_vendor:/opt/ros/jazzy/opt/sdformat_vendor:/opt/ros/jazzy/opt/gz_gui_vendor:/opt/ros/jazzy/opt/gz_transport_vendor:/opt/ros/jazzy/opt/gz_rendering_vendor:/opt/ros/jazzy/opt/gz_plugin_vendor:/opt/ros/jazzy/opt/gz_fuel_tools_vendor:/opt/ros/jazzy/opt/gz_msgs_vendor:/opt/ros/jazzy/opt/gz_common_vendor:/opt/ros/jazzy/opt/gz_math_vendor:/opt/ros/jazzy/opt/gz_utils_vendor:/opt/ros/jazzy/opt/gz_tools_vendor:/opt/ros/jazzy/opt/gz_ogre_next_vendor:/opt/ros/jazzy/opt/gz_dartsim_vendor:/opt/ros/jazzy/opt/gz_cmake_vendor:/opt/ros/jazzy DEBUGINFOD_URLS=https://debuginfod.ubuntu.com /usr/bin/cmake --build /home/broodjesemih/ros2_ws/build/les_pkg -- -j20 -l20
