[ 20%] Built target template_general
[ 40%] Built target template_subscriber
[ 60%] Built target template_walltimer
[ 80%] Built target clock
[ 90%] [32mBuilding CXX object CMakeFiles/template_publisher.dir/src/template_publisher.cpp.o[0m
[01m[K/home/broodjesemih/ros2_ws/src/les_pkg/src/template_publisher.cpp:[m[K In constructor â€˜[01m[KTemplatePublisher::[01;32m[KTemplatePublisher[m[K()[m[Kâ€™:
[01m[K/home/broodjesemih/ros2_ws/src/les_pkg/src/template_publisher.cpp:36:94:[m[K [01;31m[Kerror: [m[Kno matching function for call to â€˜[01m[KTemplatePublisher::create_publisher<std_msgs::msg::Int32MultiArray>(const char [11], <brace-enclosed initializer list>)[m[Kâ€™
   36 |                 publisher_theanswer_ = [01;31m[Kthis->create_publisher<std_msgs::msg::Int32MultiArray>("the_answer", {10,20})[m[K;
      |                                        [01;31m[K~~~~~~~~~~~~~~~~~~~~~~~~~~~~~~~~~~~~~~~~~~~~~~~~~~~~~~^~~~~~~~~~~~~~~~~~~~~~~[m[K
In file included from [01m[K/opt/ros/jazzy/include/rclcpp/rclcpp/executors/single_threaded_executor.hpp:28[m[K,
                 from [01m[K/opt/ros/jazzy/include/rclcpp/rclcpp/executors.hpp:22[m[K,
                 from [01m[K/opt/ros/jazzy/include/rclcpp/rclcpp/rclcpp.hpp:172[m[K,
                 from [01m[K/home/broodjesemih/ros2_ws/src/les_pkg/src/template_publisher.cpp:22[m[K:
[01m[K/opt/ros/jazzy/include/rclcpp/rclcpp/node.hpp:197:3:[m[K [01;36m[Knote: [m[Kcandidate: â€˜[01m[Ktemplate<class MessageT, class AllocatorT, class PublisherT> std::shared_ptr<PublisherT> rclcpp::Node::[01;32m[Kcreate_publisher[m[K(const std::string&, const rclcpp::QoS&, const rclcpp::PublisherOptionsWithAllocator<AllocatorT>&)[m[Kâ€™
  197 |   [01;36m[Kcreate_publisher[m[K(
      |   [01;36m[K^~~~~~~~~~~~~~~~[m[K
[01m[K/opt/ros/jazzy/include/rclcpp/rclcpp/node.hpp:197:3:[m[K [01;36m[Knote: [m[K  template argument deduction/substitution failed:
[01m[K/home/broodjesemih/ros2_ws/src/les_pkg/src/template_publisher.cpp:36:94:[m[K [01;36m[Knote: [m[K  cannot convert â€˜[01m[K{10, 20}[m[Kâ€™ (type â€˜[01m[K<brace-enclosed initializer list>[m[Kâ€™) to type â€˜[01m[Kconst rclcpp::QoS&[m[Kâ€™
   36 |                 publisher_theanswer_ = [01;36m[Kthis->create_publisher<std_msgs::msg::Int32MultiArray>("the_answer", {10,20})[m[K;
      |                                        [01;36m[K~~~~~~~~~~~~~~~~~~~~~~~~~~~~~~~~~~~~~~~~~~~~~~~~~~~~~~^~~~~~~~~~~~~~~~~~~~~~~[m[K
gmake[2]: *** [CMakeFiles/template_publisher.dir/build.make:76: CMakeFiles/template_publisher.dir/src/template_publisher.cpp.o] Error 1
gmake[1]: *** [CMakeFiles/Makefile2:223: CMakeFiles/template_publisher.dir/all] Error 2
gmake: *** [Makefile:146: all] Error 2
