[ 60%] Built target clock
[ 60%] Built target template_general
[ 60%] Built target template_walltimer
[ 70%] [32mBuilding CXX object CMakeFiles/template_publisher.dir/src/template_publisher.cpp.o[0m
[ 90%] Built target template_subscriber
[01m[K/home/broodjesemih/ros2_ws/src/les_pkg/src/template_publisher.cpp:26:10:[m[K [01;31m[Kfatal error: [m[Kgeometry_msgs/msg/pose_array.hpp: No such file or directory
   26 | #include [01;31m[K"geometry_msgs/msg/pose_array.hpp"[m[K // Keep this include
      |          [01;31m[K^~~~~~~~~~~~~~~~~~~~~~~~~~~~~~~~~~[m[K
compilation terminated.
gmake[2]: *** [CMakeFiles/template_publisher.dir/build.make:76: CMakeFiles/template_publisher.dir/src/template_publisher.cpp.o] Error 1
gmake[1]: *** [CMakeFiles/Makefile2:223: CMakeFiles/template_publisher.dir/all] Error 2
gmake: *** [Makefile:146: all] Error 2
