[0.007s] Invoking command in '/home/broodjesemih/ros2_ws/build/les_pkg': CMAKE_PREFIX_PATH=${CMAKE_PREFIX_PATH}:/opt/ros/jazzy DEBUGINFOD_URLS=https://debuginfod.ubuntu.com /usr/bin/cmake --build /home/broodjesemih/ros2_ws/build/les_pkg -- -j20 -l20
[0.050s] [ 20%] Built target template_subscriber
[0.051s] [ 40%] Built target template_walltimer
[0.052s] [ 60%] Built target template_general
[0.053s] [ 70%] [32mBuilding CXX object CMakeFiles/template_publisher.dir/src/template_publisher.cpp.o[0m
[0.053s] [ 90%] Built target clock
[0.163s] [01m[K/home/broodjesemih/ros2_ws/src/les_pkg/src/template_publisher.cpp:26:10:[m[K [01;31m[Kfatal error: [m[Kgeometry_msgs/msg/pose_array.hpp: No such file or directory
[0.164s]    26 | #include [01;31m[K"geometry_msgs/msg/pose_array.hpp"[m[K
[0.164s]       |          [01;31m[K^~~~~~~~~~~~~~~~~~~~~~~~~~~~~~~~~~[m[K
[0.164s] compilation terminated.
[0.167s] gmake[2]: *** [CMakeFiles/template_publisher.dir/build.make:76: CMakeFiles/template_publisher.dir/src/template_publisher.cpp.o] Error 1
[0.167s] gmake[1]: *** [CMakeFiles/Makefile2:223: CMakeFiles/template_publisher.dir/all] Error 2
[0.167s] gmake: *** [Makefile:146: all] Error 2
[0.169s] Invoked command in '/home/broodjesemih/ros2_ws/build/les_pkg' returned '2': CMAKE_PREFIX_PATH=${CMAKE_PREFIX_PATH}:/opt/ros/jazzy DEBUGINFOD_URLS=https://debuginfod.ubuntu.com /usr/bin/cmake --build /home/broodjesemih/ros2_ws/build/les_pkg -- -j20 -l20
