[ 20%] Built target template_walltimer
[ 40%] Built target template_subscriber
[ 60%] Built target template_general
[ 80%] Built target clock
[ 90%] [32mBuilding CXX object CMakeFiles/template_publisher.dir/src/template_publisher.cpp.o[0m
[01m[K/home/broodjesemih/ros2_ws/src/les_pkg/src/template_publisher.cpp:26:10:[m[K [01;31m[Kfatal error: [m[Kstd_msgs/msg/intmultiarray.hpp: No such file or directory
   26 | #include [01;31m[K"std_msgs/msg/intmultiarray.hpp"[m[K
      |          [01;31m[K^~~~~~~~~~~~~~~~~~~~~~~~~~~~~~~~[m[K
compilation terminated.
gmake[2]: *** [CMakeFiles/template_publisher.dir/build.make:76: CMakeFiles/template_publisher.dir/src/template_publisher.cpp.o] Error 1
gmake[1]: *** [CMakeFiles/Makefile2:223: CMakeFiles/template_publisher.dir/all] Error 2
gmake: *** [Makefile:146: all] Error 2
