-- Found ament_cmake: 2.5.4 (/opt/ros/jazzy/share/ament_cmake/cmake)
-- Found rclcpp: 28.1.11 (/opt/ros/jazzy/share/rclcpp/cmake)
-- Found rosidl_generator_c: 4.6.6 (/opt/ros/jazzy/share/rosidl_generator_c/cmake)
-- Found rosidl_generator_cpp: 4.6.6 (/opt/ros/jazzy/share/rosidl_generator_cpp/cmake)
-- Using all available rosidl_typesupport_c: rosidl_typesupport_fastrtps_c;rosidl_typesupport_introspection_c
-- Using all available rosidl_typesupport_cpp: rosidl_typesupport_fastrtps_cpp;rosidl_typesupport_introspection_cpp
-- Found rmw_implementation_cmake: 7.3.2 (/opt/ros/jazzy/share/rmw_implementation_cmake/cmake)
-- Found rmw_fastrtps_cpp: 8.4.3 (/opt/ros/jazzy/share/rmw_fastrtps_cpp/cmake)
-- Using RMW implementation 'rmw_fastrtps_cpp' as default
-- Found rclcpp_action: 28.1.11 (/opt/ros/jazzy/share/rclcpp_action/cmake)
-- Found std_msgs: 5.3.6 (/opt/ros/jazzy/share/std_msgs/cmake)
-- Found ament_lint_auto: 0.17.3 (/opt/ros/jazzy/share/ament_lint_auto/cmake)
-- Added test 'cppcheck' to perform static code analysis on C / C++ code
-- Configured cppcheck include dirs: 
-- Configured cppcheck exclude dirs and/or files: 
-- Added test 'lint_cmake' to check CMake code style
-- Added test 'uncrustify' to check C / C++ code style
-- Configured uncrustify additional arguments: 
-- Added test 'xmllint' to check XML markup files
-- Configuring done (0.4s)
-- Generating done (0.0s)
-- Build files have been written to: /home/broodjesemih/ros2_ws/build/les_pkg
[ 10%] [32mBuilding CXX object CMakeFiles/clock.dir/src/clock.cpp.o[0m
[ 20%] [32mBuilding CXX object CMakeFiles/template_general.dir/src/template_general.cpp.o[0m
[ 30%] [32mBuilding CXX object CMakeFiles/template_publisher.dir/src/template_publisher.cpp.o[0m
[ 40%] [32mBuilding CXX object CMakeFiles/template_walltimer.dir/src/template_walltimer.cpp.o[0m
[ 50%] [32mBuilding CXX object CMakeFiles/template_subscriber.dir/src/template_subscriber.cpp.o[0m
[01m[K/home/broodjesemih/ros2_ws/src/les_pkg/src/template_publisher.cpp:26:10:[m[K [01;31m[Kfatal error: [m[Kstd geometry_msgs/msg/poseArray.hpp: No such file or directory
   26 | #include [01;31m[K"std geometry_msgs/msg/poseArray.hpp"[m[K
      |          [01;31m[K^~~~~~~~~~~~~~~~~~~~~~~~~~~~~~~~~~~~~[m[K
compilation terminated.
gmake[2]: *** [CMakeFiles/template_publisher.dir/build.make:76: CMakeFiles/template_publisher.dir/src/template_publisher.cpp.o] Error 1
gmake[1]: *** [CMakeFiles/Makefile2:223: CMakeFiles/template_publisher.dir/all] Error 2
gmake[1]: *** Waiting for unfinished jobs....
In file included from [01m[K/opt/ros/jazzy/include/rclcpp/rclcpp/logging.hpp:24[m[K,
                 from [01m[K/opt/ros/jazzy/include/rclcpp/rclcpp/copy_all_parameter_values.hpp:27[m[K,
                 from [01m[K/opt/ros/jazzy/include/rclcpp/rclcpp/rclcpp.hpp:171[m[K,
                 from [01m[K/home/broodjesemih/ros2_ws/src/les_pkg/src/clock.cpp:23[m[K:
[01m[K/home/broodjesemih/ros2_ws/src/les_pkg/src/clock.cpp:[m[K In member function â€˜[01m[Kvoid Clock::[01;32m[Kcustom_example[m[K()[m[Kâ€™:
[01m[K/home/broodjesemih/ros2_ws/src/les_pkg/src/clock.cpp:62:49:[m[K [01;35m[Kwarning: [m[Kformat â€˜[01m[K%d[m[Kâ€™ expects argument of type â€˜[01m[Kint[m[Kâ€™, but argument 5 has type â€˜[01m[Kdouble[m[Kâ€™ [[01;35m[K]8;;https://gcc.gnu.org/onlinedocs/gcc/Warning-Options.html#index-Wformat=-Wformat=]8;;[m[K]
   62 |                 RCLCPP_INFO(this->get_logger() ,[01;35m[K"Current time: %d sec and %d nanosec"[m[K, [32m[Kmy_time.seconds()[m[K, my_time.nanoseconds());
      |                                                 [01;35m[K^~~~~~~~~~~~~~~~~~~~~~~~~~~~~~~~~~~~~[m[K  [32m[K~~~~~~~~~~~~~~~~~[m[K
      |                                                                                                       [32m[K|[m[K
      |                                                                                                       [32m[Kdouble[m[K
[01m[K/home/broodjesemih/ros2_ws/src/les_pkg/src/clock.cpp:62:65:[m[K [01;36m[Knote: [m[Kformat string is defined here
   62 |                 RCLCPP_INFO(this->get_logger() ,"Current time: [01;36m[K%d[m[K sec and %d nanosec", my_time.seconds(), my_time.nanoseconds());
      |                                                                [01;36m[K~^[m[K
      |                                                                 [01;36m[K|[m[K
      |                                                                 [01;36m[Kint[m[K
      |                                                                [32m[K%f[m[K
[01m[K/home/broodjesemih/ros2_ws/src/les_pkg/src/clock.cpp:62:49:[m[K [01;35m[Kwarning: [m[Kformat â€˜[01m[K%d[m[Kâ€™ expects argument of type â€˜[01m[Kint[m[Kâ€™, but argument 6 has type â€˜[01m[Krcl_time_point_value_t[m[Kâ€™ {aka â€˜[01m[Klong int[m[Kâ€™} [[01;35m[K]8;;https://gcc.gnu.org/onlinedocs/gcc/Warning-Options.html#index-Wformat=-Wformat=]8;;[m[K]
   62 |                 RCLCPP_INFO(this->get_logger() ,[01;35m[K"Current time: %d sec and %d nanosec"[m[K, my_time.seconds(), [32m[Kmy_time.nanoseconds()[m[K);
      |                                                 [01;35m[K^~~~~~~~~~~~~~~~~~~~~~~~~~~~~~~~~~~~~[m[K                     [32m[K~~~~~~~~~~~~~~~~~~~~~[m[K
      |                                                                                                                              [32m[K|[m[K
      |                                                                                                                              [32m[Krcl_time_point_value_t {aka long int}[m[K
[01m[K/home/broodjesemih/ros2_ws/src/les_pkg/src/clock.cpp:62:76:[m[K [01;36m[Knote: [m[Kformat string is defined here
   62 |                 RCLCPP_INFO(this->get_logger() ,"Current time: %d sec and [01;36m[K%d[m[K nanosec", my_time.seconds(), my_time.nanoseconds());
      |                                                                           [01;36m[K~^[m[K
      |                                                                            [01;36m[K|[m[K
      |                                                                            [01;36m[Kint[m[K
      |                                                                           [32m[K%ld[m[K
[ 60%] [32m[1mLinking CXX executable clock[0m
[ 70%] [32m[1mLinking CXX executable template_general[0m
[ 70%] Built target clock
[ 70%] Built target template_general
[ 80%] [32m[1mLinking CXX executable template_walltimer[0m
[ 80%] Built target template_walltimer
[ 90%] [32m[1mLinking CXX executable template_subscriber[0m
[ 90%] Built target template_subscriber
gmake: *** [Makefile:146: all] Error 2
