[0.007s] Invoking command in '/home/broodjesemih/ros2_ws/build/les_pkg': CMAKE_PREFIX_PATH=${CMAKE_PREFIX_PATH}:/opt/ros/jazzy DEBUGINFOD_URLS=https://debuginfod.ubuntu.com /usr/bin/cmake --build /home/broodjesemih/ros2_ws/build/les_pkg -- -j20 -l20
[0.028s] -- Found ament_cmake: 2.5.4 (/opt/ros/jazzy/share/ament_cmake/cmake)
[0.174s] -- Found rclcpp: 28.1.11 (/opt/ros/jazzy/share/rclcpp/cmake)
[0.190s] -- Found rosidl_generator_c: 4.6.6 (/opt/ros/jazzy/share/rosidl_generator_c/cmake)
[0.195s] -- Found rosidl_generator_cpp: 4.6.6 (/opt/ros/jazzy/share/rosidl_generator_cpp/cmake)
[0.202s] -- Using all available rosidl_typesupport_c: rosidl_typesupport_fastrtps_c;rosidl_typesupport_introspection_c
[0.209s] -- Using all available rosidl_typesupport_cpp: rosidl_typesupport_fastrtps_cpp;rosidl_typesupport_introspection_cpp
[0.245s] -- Found rmw_implementation_cmake: 7.3.2 (/opt/ros/jazzy/share/rmw_implementation_cmake/cmake)
[0.246s] -- Found rmw_fastrtps_cpp: 8.4.3 (/opt/ros/jazzy/share/rmw_fastrtps_cpp/cmake)
[0.294s] -- Using RMW implementation 'rmw_fastrtps_cpp' as default
[0.334s] -- Found rclcpp_action: 28.1.11 (/opt/ros/jazzy/share/rclcpp_action/cmake)
[0.357s] -- Found std_msgs: 5.3.6 (/opt/ros/jazzy/share/std_msgs/cmake)
[0.366s] -- Found ament_lint_auto: 0.17.3 (/opt/ros/jazzy/share/ament_lint_auto/cmake)
[0.424s] -- Added test 'cppcheck' to perform static code analysis on C / C++ code
[0.424s] -- Configured cppcheck include dirs: 
[0.424s] -- Configured cppcheck exclude dirs and/or files: 
[0.425s] -- Added test 'lint_cmake' to check CMake code style
[0.425s] -- Added test 'uncrustify' to check C / C++ code style
[0.425s] -- Configured uncrustify additional arguments: 
[0.425s] -- Added test 'xmllint' to check XML markup files
[0.426s] -- Configuring done (0.4s)
[0.438s] -- Generating done (0.0s)
[0.442s] -- Build files have been written to: /home/broodjesemih/ros2_ws/build/les_pkg
[0.474s] [ 10%] [32mBuilding CXX object CMakeFiles/clock.dir/src/clock.cpp.o[0m
[0.474s] [ 20%] [32mBuilding CXX object CMakeFiles/template_general.dir/src/template_general.cpp.o[0m
[0.475s] [ 30%] [32mBuilding CXX object CMakeFiles/template_publisher.dir/src/template_publisher.cpp.o[0m
[0.480s] [ 40%] [32mBuilding CXX object CMakeFiles/template_walltimer.dir/src/template_walltimer.cpp.o[0m
[0.480s] [ 50%] [32mBuilding CXX object CMakeFiles/template_subscriber.dir/src/template_subscriber.cpp.o[0m
[0.601s] [01m[K/home/broodjesemih/ros2_ws/src/les_pkg/src/template_publisher.cpp:26:10:[m[K [01;31m[Kfatal error: [m[Kstd geometry_msgs/msg/poseArray.hpp: No such file or directory
[0.601s]    26 | #include [01;31m[K"std geometry_msgs/msg/poseArray.hpp"[m[K
[0.601s]       |          [01;31m[K^~~~~~~~~~~~~~~~~~~~~~~~~~~~~~~~~~~~~[m[K
[0.601s] compilation terminated.
[0.603s] gmake[2]: *** [CMakeFiles/template_publisher.dir/build.make:76: CMakeFiles/template_publisher.dir/src/template_publisher.cpp.o] Error 1
[0.603s] gmake[1]: *** [CMakeFiles/Makefile2:223: CMakeFiles/template_publisher.dir/all] Error 2
[0.603s] gmake[1]: *** Waiting for unfinished jobs....
[1.711s] In file included from [01m[K/opt/ros/jazzy/include/rclcpp/rclcpp/logging.hpp:24[m[K,
[1.711s]                  from [01m[K/opt/ros/jazzy/include/rclcpp/rclcpp/copy_all_parameter_values.hpp:27[m[K,
[1.712s]                  from [01m[K/opt/ros/jazzy/include/rclcpp/rclcpp/rclcpp.hpp:171[m[K,
[1.712s]                  from [01m[K/home/broodjesemih/ros2_ws/src/les_pkg/src/clock.cpp:23[m[K:
[1.712s] [01m[K/home/broodjesemih/ros2_ws/src/les_pkg/src/clock.cpp:[m[K In member function â€˜[01m[Kvoid Clock::[01;32m[Kcustom_example[m[K()[m[Kâ€™:
[1.712s] [01m[K/home/broodjesemih/ros2_ws/src/les_pkg/src/clock.cpp:62:49:[m[K [01;35m[Kwarning: [m[Kformat â€˜[01m[K%d[m[Kâ€™ expects argument of type â€˜[01m[Kint[m[Kâ€™, but argument 5 has type â€˜[01m[Kdouble[m[Kâ€™ [[01;35m[K]8;;https://gcc.gnu.org/onlinedocs/gcc/Warning-Options.html#index-Wformat=-Wformat=]8;;[m[K]
[1.712s]    62 |                 RCLCPP_INFO(this->get_logger() ,[01;35m[K"Current time: %d sec and %d nanosec"[m[K, [32m[Kmy_time.seconds()[m[K, my_time.nanoseconds());
[1.712s]       |                                                 [01;35m[K^~~~~~~~~~~~~~~~~~~~~~~~~~~~~~~~~~~~~[m[K  [32m[K~~~~~~~~~~~~~~~~~[m[K
[1.712s]       |                                                                                                       [32m[K|[m[K
[1.712s]       |                                                                                                       [32m[Kdouble[m[K
[1.712s] [01m[K/home/broodjesemih/ros2_ws/src/les_pkg/src/clock.cpp:62:65:[m[K [01;36m[Knote: [m[Kformat string is defined here
[1.712s]    62 |                 RCLCPP_INFO(this->get_logger() ,"Current time: [01;36m[K%d[m[K sec and %d nanosec", my_time.seconds(), my_time.nanoseconds());
[1.712s]       |                                                                [01;36m[K~^[m[K
[1.712s]       |                                                                 [01;36m[K|[m[K
[1.712s]       |                                                                 [01;36m[Kint[m[K
[1.712s]       |                                                                [32m[K%f[m[K
[1.713s] [01m[K/home/broodjesemih/ros2_ws/src/les_pkg/src/clock.cpp:62:49:[m[K [01;35m[Kwarning: [m[Kformat â€˜[01m[K%d[m[Kâ€™ expects argument of type â€˜[01m[Kint[m[Kâ€™, but argument 6 has type â€˜[01m[Krcl_time_point_value_t[m[Kâ€™ {aka â€˜[01m[Klong int[m[Kâ€™} [[01;35m[K]8;;https://gcc.gnu.org/onlinedocs/gcc/Warning-Options.html#index-Wformat=-Wformat=]8;;[m[K]
[1.713s]    62 |                 RCLCPP_INFO(this->get_logger() ,[01;35m[K"Current time: %d sec and %d nanosec"[m[K, my_time.seconds(), [32m[Kmy_time.nanoseconds()[m[K);
[1.713s]       |                                                 [01;35m[K^~~~~~~~~~~~~~~~~~~~~~~~~~~~~~~~~~~~~[m[K                     [32m[K~~~~~~~~~~~~~~~~~~~~~[m[K
[1.713s]       |                                                                                                                              [32m[K|[m[K
[1.713s]       |                                                                                                                              [32m[Krcl_time_point_value_t {aka long int}[m[K
[1.713s] [01m[K/home/broodjesemih/ros2_ws/src/les_pkg/src/clock.cpp:62:76:[m[K [01;36m[Knote: [m[Kformat string is defined here
[1.713s]    62 |                 RCLCPP_INFO(this->get_logger() ,"Current time: %d sec and [01;36m[K%d[m[K nanosec", my_time.seconds(), my_time.nanoseconds());
[1.713s]       |                                                                           [01;36m[K~^[m[K
[1.713s]       |                                                                            [01;36m[K|[m[K
[1.713s]       |                                                                            [01;36m[Kint[m[K
[1.713s]       |                                                                           [32m[K%ld[m[K
[2.135s] [ 60%] [32m[1mLinking CXX executable clock[0m
[2.149s] [ 70%] [32m[1mLinking CXX executable template_general[0m
[2.212s] [ 70%] Built target clock
[2.224s] [ 70%] Built target template_general
[2.233s] [ 80%] [32m[1mLinking CXX executable template_walltimer[0m
[2.309s] [ 80%] Built target template_walltimer
[4.630s] [ 90%] [32m[1mLinking CXX executable template_subscriber[0m
[4.778s] [ 90%] Built target template_subscriber
[4.778s] gmake: *** [Makefile:146: all] Error 2
[4.780s] Invoked command in '/home/broodjesemih/ros2_ws/build/les_pkg' returned '2': CMAKE_PREFIX_PATH=${CMAKE_PREFIX_PATH}:/opt/ros/jazzy DEBUGINFOD_URLS=https://debuginfod.ubuntu.com /usr/bin/cmake --build /home/broodjesemih/ros2_ws/build/les_pkg -- -j20 -l20
