[ 33%] Built target clock
[ 50%] [32mBuilding CXX object CMakeFiles/template_walltimer.dir/src/template_walltimer.cpp.o[0m
[ 83%] Built target template_general
[01m[K/home/broodjesemih/ros2_ws/src/les_pkg/src/template_walltimer.cpp:[m[K In constructor â€˜[01m[KTemplate_Walltimer::[01;32m[KTemplate_Walltimer[m[K()[m[Kâ€™:
[01m[K/home/broodjesemih/ros2_ws/src/les_pkg/src/template_walltimer.cpp:38:63:[m[K [01;31m[Kerror: [m[Kâ€˜[01m[Kmiliseconds[m[Kâ€™ is not a member of â€˜[01m[Kstd::chrono[m[Kâ€™; did you mean â€˜[01m[Kmilliseconds[m[Kâ€™?
   38 |         timer_template_= this->create_wall_timer(std::chrono::[01;31m[Kmiliseconds[m[K(1),std::bind(&Template_Walltimer::timer_template_function,this));
      |                                                               [01;31m[K^~~~~~~~~~~[m[K
      |                                                               [32m[Kmilliseconds[m[K
gmake[2]: *** [CMakeFiles/template_walltimer.dir/build.make:76: CMakeFiles/template_walltimer.dir/src/template_walltimer.cpp.o] Error 1
gmake[1]: *** [CMakeFiles/Makefile2:193: CMakeFiles/template_walltimer.dir/all] Error 2
gmake: *** [Makefile:146: all] Error 2
