[0.007s] Invoking command in '/home/broodjesemih/ros2_ws/build/les_pkg': CMAKE_PREFIX_PATH=${CMAKE_PREFIX_PATH}:/opt/ros/jazzy DEBUGINFOD_URLS=https://debuginfod.ubuntu.com /usr/bin/cmake --build /home/broodjesemih/ros2_ws/build/les_pkg -- -j20 -l20
[0.055s] [ 33%] Built target clock
[0.055s] [ 50%] [32mBuilding CXX object CMakeFiles/template_walltimer.dir/src/template_walltimer.cpp.o[0m
[0.059s] [ 83%] Built target template_general
[1.174s] [01m[K/home/broodjesemih/ros2_ws/src/les_pkg/src/template_walltimer.cpp:[m[K In constructor â€˜[01m[KTemplate_Walltimer::[01;32m[KTemplate_Walltimer[m[K()[m[Kâ€™:
[1.174s] [01m[K/home/broodjesemih/ros2_ws/src/les_pkg/src/template_walltimer.cpp:38:63:[m[K [01;31m[Kerror: [m[Kâ€˜[01m[Kmiliseconds[m[Kâ€™ is not a member of â€˜[01m[Kstd::chrono[m[Kâ€™; did you mean â€˜[01m[Kmilliseconds[m[Kâ€™?
[1.174s]    38 |         timer_template_= this->create_wall_timer(std::chrono::[01;31m[Kmiliseconds[m[K(1),std::bind(&Template_Walltimer::timer_template_function,this));
[1.174s]       |                                                               [01;31m[K^~~~~~~~~~~[m[K
[1.174s]       |                                                               [32m[Kmilliseconds[m[K
[1.513s] gmake[2]: *** [CMakeFiles/template_walltimer.dir/build.make:76: CMakeFiles/template_walltimer.dir/src/template_walltimer.cpp.o] Error 1
[1.513s] gmake[1]: *** [CMakeFiles/Makefile2:193: CMakeFiles/template_walltimer.dir/all] Error 2
[1.513s] gmake: *** [Makefile:146: all] Error 2
[1.515s] Invoked command in '/home/broodjesemih/ros2_ws/build/les_pkg' returned '2': CMAKE_PREFIX_PATH=${CMAKE_PREFIX_PATH}:/opt/ros/jazzy DEBUGINFOD_URLS=https://debuginfod.ubuntu.com /usr/bin/cmake --build /home/broodjesemih/ros2_ws/build/les_pkg -- -j20 -l20
