[ 20%] Built target template_general
[ 40%] Built target clock
[ 60%] Built target template_walltimer
[ 70%] [32mBuilding CXX object CMakeFiles/template_publisher.dir/src/template_publisher.cpp.o[0m
[ 80%] [32mBuilding CXX object CMakeFiles/template_subscriber.dir/src/template_subscriber.cpp.o[0m
[01m[K/home/broodjesemih/ros2_ws/src/les_pkg/src/template_subscriber.cpp:[m[K In function â€˜[01m[Kint[01;32m[K main[m[K(int, char**)[m[Kâ€™:
[01m[K/home/broodjesemih/ros2_ws/src/les_pkg/src/template_subscriber.cpp:56:32:[m[K [01;31m[Kerror: [m[Kâ€˜[01m[KTemplateSubscriber[m[Kâ€™ was not declared in this scope; did you mean â€˜[01m[KTemplatePublisher[m[Kâ€™?
   56 |   auto node = std::make_shared<[01;31m[KTemplateSubscriber[m[K>();
      |                                [01;31m[K^~~~~~~~~~~~~~~~~~[m[K
      |                                [32m[KTemplatePublisher[m[K
[01m[K/home/broodjesemih/ros2_ws/src/les_pkg/src/template_subscriber.cpp:56:51:[m[K [01;31m[Kerror: [m[Kno matching function for call to â€˜[01m[Kmake_shared<<expression error> >()[m[Kâ€™
   56 |   auto node = [01;31m[Kstd::make_shared<TemplateSubscriber>()[m[K;
      |               [01;31m[K~~~~~~~~~~~~~~~~~~~~~~~~~~~~~~~~~~~~^~[m[K
In file included from [01m[K/usr/include/c++/13/memory:80[m[K,
                 from [01m[K/opt/ros/jazzy/include/rclcpp/rclcpp/rclcpp.hpp:169[m[K,
                 from [01m[K/home/broodjesemih/ros2_ws/src/les_pkg/src/template_subscriber.cpp:17[m[K:
[01m[K/usr/include/c++/13/bits/shared_ptr.h:1005:5:[m[K [01;36m[Knote: [m[Kcandidate: â€˜[01m[Ktemplate<class _Tp, class ... _Args> std::shared_ptr<typename std::enable_if<(! std::is_array< <template-parameter-1-1> >::value), _Tp>::type> std::[01;32m[Kmake_shared[m[K(_Args&& ...)[m[Kâ€™
 1005 |     [01;36m[Kmake_shared[m[K(_Args&&... __args)
      |     [01;36m[K^~~~~~~~~~~[m[K
[01m[K/usr/include/c++/13/bits/shared_ptr.h:1005:5:[m[K [01;36m[Knote: [m[K  template argument deduction/substitution failed:
[01m[K/home/broodjesemih/ros2_ws/src/les_pkg/src/template_subscriber.cpp:56:51:[m[K [01;31m[Kerror: [m[Ktemplate argument 1 is invalid
   56 |   auto node = [01;31m[Kstd::make_shared<TemplateSubscriber>()[m[K;
      |               [01;31m[K~~~~~~~~~~~~~~~~~~~~~~~~~~~~~~~~~~~~^~[m[K
gmake[2]: *** [CMakeFiles/template_subscriber.dir/build.make:76: CMakeFiles/template_subscriber.dir/src/template_subscriber.cpp.o] Error 1
gmake[1]: *** [CMakeFiles/Makefile2:249: CMakeFiles/template_subscriber.dir/all] Error 2
gmake[1]: *** Waiting for unfinished jobs....
[ 90%] [32m[1mLinking CXX executable template_publisher[0m
[ 90%] Built target template_publisher
gmake: *** [Makefile:146: all] Error 2
