[0.010s] Invoking command in '/home/broodjesemih/ros2_ws/build/les_pkg': CMAKE_PREFIX_PATH=/home/broodjesemih/ros2_ws/install/my_robot_interfaces:/home/broodjesemih/homework_ws/install/les_pkg:/home/broodjesemih/ros2_ws/install/les_pkg:/opt/ros/jazzy/opt/gz_sim_vendor:/opt/ros/jazzy/opt/gz_sensors_vendor:/opt/ros/jazzy/opt/gz_physics_vendor:/opt/ros/jazzy/opt/sdformat_vendor:/opt/ros/jazzy/opt/gz_gui_vendor:/opt/ros/jazzy/opt/gz_transport_vendor:/opt/ros/jazzy/opt/gz_rendering_vendor:/opt/ros/jazzy/opt/gz_plugin_vendor:/opt/ros/jazzy/opt/gz_fuel_tools_vendor:/opt/ros/jazzy/opt/gz_msgs_vendor:/opt/ros/jazzy/opt/gz_common_vendor:/opt/ros/jazzy/opt/gz_math_vendor:/opt/ros/jazzy/opt/gz_utils_vendor:/opt/ros/jazzy/opt/gz_tools_vendor:/opt/ros/jazzy/opt/gz_ogre_next_vendor:/opt/ros/jazzy/opt/gz_dartsim_vendor:/opt/ros/jazzy/opt/gz_cmake_vendor:/opt/ros/jazzy DEBUGINFOD_URLS=https://debuginfod.ubuntu.com /usr/bin/cmake --build /home/broodjesemih/ros2_ws/build/les_pkg -- -j20 -l20
[0.050s] [ 20%] Built target template_general
[0.052s] [ 40%] Built target clock
[0.056s] [ 60%] Built target template_walltimer
[0.059s] [ 70%] [32mBuilding CXX object CMakeFiles/template_publisher.dir/src/template_publisher.cpp.o[0m
[0.060s] [ 80%] [32mBuilding CXX object CMakeFiles/template_subscriber.dir/src/template_subscriber.cpp.o[0m
[1.286s] [01m[K/home/broodjesemih/ros2_ws/src/les_pkg/src/template_subscriber.cpp:[m[K In function â€˜[01m[Kint[01;32m[K main[m[K(int, char**)[m[Kâ€™:
[1.286s] [01m[K/home/broodjesemih/ros2_ws/src/les_pkg/src/template_subscriber.cpp:56:32:[m[K [01;31m[Kerror: [m[Kâ€˜[01m[KTemplateSubscriber[m[Kâ€™ was not declared in this scope; did you mean â€˜[01m[KTemplatePublisher[m[Kâ€™?
[1.286s]    56 |   auto node = std::make_shared<[01;31m[KTemplateSubscriber[m[K>();
[1.286s]       |                                [01;31m[K^~~~~~~~~~~~~~~~~~[m[K
[1.286s]       |                                [32m[KTemplatePublisher[m[K
[1.286s] [01m[K/home/broodjesemih/ros2_ws/src/les_pkg/src/template_subscriber.cpp:56:51:[m[K [01;31m[Kerror: [m[Kno matching function for call to â€˜[01m[Kmake_shared<<expression error> >()[m[Kâ€™
[1.286s]    56 |   auto node = [01;31m[Kstd::make_shared<TemplateSubscriber>()[m[K;
[1.286s]       |               [01;31m[K~~~~~~~~~~~~~~~~~~~~~~~~~~~~~~~~~~~~^~[m[K
[1.286s] In file included from [01m[K/usr/include/c++/13/memory:80[m[K,
[1.286s]                  from [01m[K/opt/ros/jazzy/include/rclcpp/rclcpp/rclcpp.hpp:169[m[K,
[1.286s]                  from [01m[K/home/broodjesemih/ros2_ws/src/les_pkg/src/template_subscriber.cpp:17[m[K:
[1.286s] [01m[K/usr/include/c++/13/bits/shared_ptr.h:1005:5:[m[K [01;36m[Knote: [m[Kcandidate: â€˜[01m[Ktemplate<class _Tp, class ... _Args> std::shared_ptr<typename std::enable_if<(! std::is_array< <template-parameter-1-1> >::value), _Tp>::type> std::[01;32m[Kmake_shared[m[K(_Args&& ...)[m[Kâ€™
[1.287s]  1005 |     [01;36m[Kmake_shared[m[K(_Args&&... __args)
[1.287s]       |     [01;36m[K^~~~~~~~~~~[m[K
[1.287s] [01m[K/usr/include/c++/13/bits/shared_ptr.h:1005:5:[m[K [01;36m[Knote: [m[K  template argument deduction/substitution failed:
[1.287s] [01m[K/home/broodjesemih/ros2_ws/src/les_pkg/src/template_subscriber.cpp:56:51:[m[K [01;31m[Kerror: [m[Ktemplate argument 1 is invalid
[1.287s]    56 |   auto node = [01;31m[Kstd::make_shared<TemplateSubscriber>()[m[K;
[1.287s]       |               [01;31m[K~~~~~~~~~~~~~~~~~~~~~~~~~~~~~~~~~~~~^~[m[K
[1.777s] gmake[2]: *** [CMakeFiles/template_subscriber.dir/build.make:76: CMakeFiles/template_subscriber.dir/src/template_subscriber.cpp.o] Error 1
[1.778s] gmake[1]: *** [CMakeFiles/Makefile2:249: CMakeFiles/template_subscriber.dir/all] Error 2
[1.778s] gmake[1]: *** Waiting for unfinished jobs....
[2.537s] [ 90%] [32m[1mLinking CXX executable template_publisher[0m
[2.645s] [ 90%] Built target template_publisher
[2.646s] gmake: *** [Makefile:146: all] Error 2
[2.647s] Invoked command in '/home/broodjesemih/ros2_ws/build/les_pkg' returned '2': CMAKE_PREFIX_PATH=/home/broodjesemih/ros2_ws/install/my_robot_interfaces:/home/broodjesemih/homework_ws/install/les_pkg:/home/broodjesemih/ros2_ws/install/les_pkg:/opt/ros/jazzy/opt/gz_sim_vendor:/opt/ros/jazzy/opt/gz_sensors_vendor:/opt/ros/jazzy/opt/gz_physics_vendor:/opt/ros/jazzy/opt/sdformat_vendor:/opt/ros/jazzy/opt/gz_gui_vendor:/opt/ros/jazzy/opt/gz_transport_vendor:/opt/ros/jazzy/opt/gz_rendering_vendor:/opt/ros/jazzy/opt/gz_plugin_vendor:/opt/ros/jazzy/opt/gz_fuel_tools_vendor:/opt/ros/jazzy/opt/gz_msgs_vendor:/opt/ros/jazzy/opt/gz_common_vendor:/opt/ros/jazzy/opt/gz_math_vendor:/opt/ros/jazzy/opt/gz_utils_vendor:/opt/ros/jazzy/opt/gz_tools_vendor:/opt/ros/jazzy/opt/gz_ogre_next_vendor:/opt/ros/jazzy/opt/gz_dartsim_vendor:/opt/ros/jazzy/opt/gz_cmake_vendor:/opt/ros/jazzy DEBUGINFOD_URLS=https://debuginfod.ubuntu.com /usr/bin/cmake --build /home/broodjesemih/ros2_ws/build/les_pkg -- -j20 -l20
