[0.007s] Invoking command in '/home/broodjesemih/ros2_ws/build/les_pkg': CMAKE_PREFIX_PATH=${CMAKE_PREFIX_PATH}:/opt/ros/jazzy DEBUGINFOD_URLS=https://debuginfod.ubuntu.com /usr/bin/cmake --build /home/broodjesemih/ros2_ws/build/les_pkg -- -j20 -l20
[0.050s] [ 20%] Built target template_general
[0.051s] [ 30%] [32mBuilding CXX object CMakeFiles/template_publisher.dir/src/template_publisher.cpp.o[0m
[0.051s] [ 50%] Built target template_walltimer
[0.052s] [ 70%] Built target clock
[0.053s] [ 80%] [32mBuilding CXX object CMakeFiles/template_subscriber.dir/src/template_subscriber.cpp.o[0m
[0.261s] [01m[K/home/broodjesemih/ros2_ws/src/les_pkg/src/template_publisher.cpp:5:34:[m[K [01;31m[Kerror: [m[Kâ€˜[01m[Krclcpp[m[Kâ€™ has not been declared
[0.261s]     5 | class TemplatePublisher : public [01;31m[Krclcpp[m[K::Node
[0.261s]       |                                  [01;31m[K^~~~~~[m[K
[0.261s] [01m[K/home/broodjesemih/ros2_ws/src/les_pkg/src/template_publisher.cpp:5:42:[m[K [01;31m[Kerror: [m[Kexpected â€˜[01m[K{[m[Kâ€™ before â€˜[01m[KNode[m[Kâ€™
[0.261s]     5 | class TemplatePublisher : public rclcpp::[01;31m[KNode[m[K
[0.261s]       |                                          [01;31m[K^~~~[m[K
[0.261s] [01m[K/home/broodjesemih/ros2_ws/src/les_pkg/src/template_publisher.cpp:7:5:[m[K [01;31m[Kerror: [m[Kexpected primary-expression before â€˜[01m[Kpublic[m[Kâ€™
[0.261s]     7 |     [01;31m[Kpublic[m[K:
[0.261s]       |     [01;31m[K^~~~~~[m[K
[0.261s] [01m[K/home/broodjesemih/ros2_ws/src/les_pkg/src/template_publisher.cpp:7:5:[m[K [01;31m[Kerror: [m[Kexpected â€˜[01m[K}[m[Kâ€™ before â€˜[01m[Kpublic[m[Kâ€™
[0.262s] [01m[K/home/broodjesemih/ros2_ws/src/les_pkg/src/template_publisher.cpp:6:1:[m[K [01;36m[Knote: [m[Kto match this â€˜[01m[K{[m[Kâ€™
[0.262s]     6 | [01;36m[K{[m[K
[0.262s]       | [01;36m[K^[m[K
[0.262s] [01m[K/home/broodjesemih/ros2_ws/src/les_pkg/src/template_publisher.cpp:[m[K In function â€˜[01m[Kvoid[01;32m[K timer_theanswer_function[m[K()[m[Kâ€™:
[0.262s] [01m[K/home/broodjesemih/ros2_ws/src/les_pkg/src/template_publisher.cpp:19:39:[m[K [01;31m[Kerror: [m[Kinvalid use of â€˜[01m[Kthis[m[Kâ€™ in non-member function
[0.262s]    19 |         pose_array_msg.header.stamp = [01;31m[Kthis[m[K->now();
[0.262s]       |                                       [01;31m[K^~~~[m[K
[0.263s] [01m[K/home/broodjesemih/ros2_ws/src/les_pkg/src/template_publisher.cpp:33:9:[m[K [01;31m[Kerror: [m[Kâ€˜[01m[Kpublisher_theanswer_[m[Kâ€™ was not declared in this scope
[0.263s]    33 |         [01;31m[Kpublisher_theanswer_[m[K->publish(pose_array_msg);
[0.263s]       |         [01;31m[K^~~~~~~~~~~~~~~~~~~~[m[K
[0.263s] [01m[K/home/broodjesemih/ros2_ws/src/les_pkg/src/template_publisher.cpp:[m[K At global scope:
[0.263s] [01m[K/home/broodjesemih/ros2_ws/src/les_pkg/src/template_publisher.cpp:36:5:[m[K [01;31m[Kerror: [m[Kexpected unqualified-id before â€˜[01m[Kprivate[m[Kâ€™
[0.263s]    36 |     [01;31m[Kprivate[m[K:
[0.263s]       |     [01;31m[K^~~~~~~[m[K
[0.263s] [01m[K/home/broodjesemih/ros2_ws/src/les_pkg/src/template_publisher.cpp:38:9:[m[K [01;31m[Kerror: [m[Kâ€˜[01m[Krclcpp[m[Kâ€™ does not name a type
[0.263s]    38 |         [01;31m[Krclcpp[m[K::TimerBase::SharedPtr timer_theanswer_;
[0.263s]       |         [01;31m[K^~~~~~[m[K
[0.263s] [01m[K/home/broodjesemih/ros2_ws/src/les_pkg/src/template_publisher.cpp:39:1:[m[K [01;31m[Kerror: [m[Kexpected declaration before â€˜[01m[K}[m[Kâ€™ token
[0.263s]    39 | [01;31m[K}[m[K;
[0.263s]       | [01;31m[K^[m[K
[0.263s] [01m[K/home/broodjesemih/ros2_ws/src/les_pkg/src/template_publisher.cpp:[m[K In function â€˜[01m[Kint[01;32m[K main[m[K(int, char**)[m[Kâ€™:
[0.263s] [01m[K/home/broodjesemih/ros2_ws/src/les_pkg/src/template_publisher.cpp:43:5:[m[K [01;31m[Kerror: [m[Kâ€˜[01m[Krclcpp[m[Kâ€™ has not been declared
[0.263s]    43 |     [01;31m[Krclcpp[m[K::init(argc,argv);
[0.263s]       |     [01;31m[K^~~~~~[m[K
[0.265s] [01m[K/home/broodjesemih/ros2_ws/src/les_pkg/src/template_publisher.cpp:45:5:[m[K [01;31m[Kerror: [m[Kâ€˜[01m[Krclcpp[m[Kâ€™ has not been declared
[0.265s]    45 |     [01;31m[Krclcpp[m[K::spin(node);
[0.265s]       |     [01;31m[K^~~~~~[m[K
[0.265s] [01m[K/home/broodjesemih/ros2_ws/src/les_pkg/src/template_publisher.cpp:46:5:[m[K [01;31m[Kerror: [m[Kâ€˜[01m[Krclcpp[m[Kâ€™ has not been declared
[0.265s]    46 |     [01;31m[Krclcpp[m[K::shutdown();
[0.265s]       |     [01;31m[K^~~~~~[m[K
[0.285s] In file included from [01m[K/usr/include/c++/13/bits/shared_ptr_base.h:60[m[K,
[0.285s]                  from [01m[K/usr/include/c++/13/bits/shared_ptr.h:53[m[K,
[0.285s]                  from [01m[K/usr/include/c++/13/memory:80[m[K,
[0.285s]                  from [01m[K/opt/ros/jazzy/include/geometry_msgs/geometry_msgs/msg/detail/pose_array__struct.hpp:13[m[K,
[0.285s]                  from [01m[K/opt/ros/jazzy/include/geometry_msgs/geometry_msgs/msg/pose_array.hpp:7[m[K,
[0.285s]                  from [01m[K/home/broodjesemih/ros2_ws/src/les_pkg/src/template_publisher.cpp:2[m[K:
[0.285s] /usr/include/c++/13/ext/aligned_buffer.h: In instantiation of â€˜[01m[Kstruct __gnu_cxx::__aligned_buffer<TemplatePublisher>[m[Kâ€™:
[0.285s] [01m[K/usr/include/c++/13/bits/shared_ptr_base.h:591:35:[m[K   required from â€˜[01m[Kclass std::_Sp_counted_ptr_inplace<TemplatePublisher, std::allocator<void>, __gnu_cxx::_S_atomic>::_Impl[m[Kâ€™
[0.285s] [01m[K/usr/include/c++/13/bits/shared_ptr_base.h:652:13:[m[K   required from â€˜[01m[Kclass std::_Sp_counted_ptr_inplace<TemplatePublisher, std::allocator<void>, __gnu_cxx::_S_atomic>[m[Kâ€™
[0.285s] [01m[K/usr/include/c++/13/bits/shared_ptr_base.h:968:43:[m[K   required from â€˜[01m[Kstd::__shared_count<_Lp>::[01;32m[K__shared_count[m[K(_Tp*&, std::_Sp_alloc_shared_tag<_Alloc>, _Args&& ...) [35m[K[with _Tp = TemplatePublisher; _Alloc = std::allocator<void>; _Args = {}; __gnu_cxx::_Lock_policy _Lp = __gnu_cxx::_S_atomic][m[K[m[Kâ€™
[0.286s] [01m[K/usr/include/c++/13/bits/shared_ptr_base.h:1712:14:[m[K   required from â€˜[01m[Kstd::__shared_ptr<_Tp, _Lp>::[01;32m[K__shared_ptr[m[K(std::_Sp_alloc_shared_tag<_Tp>, _Args&& ...) [35m[K[with _Alloc = std::allocator<void>; _Args = {}; _Tp = TemplatePublisher; __gnu_cxx::_Lock_policy _Lp = __gnu_cxx::_S_atomic][m[K[m[Kâ€™
[0.286s] [01m[K/usr/include/c++/13/bits/shared_ptr.h:464:59:[m[K   required from â€˜[01m[Kstd::shared_ptr<_Tp>::[01;32m[Kshared_ptr[m[K(std::_Sp_alloc_shared_tag<_Tp>, _Args&& ...) [35m[K[with _Alloc = std::allocator<void>; _Args = {}; _Tp = TemplatePublisher][m[K[m[Kâ€™
[0.286s] [01m[K/usr/include/c++/13/bits/shared_ptr.h:1009:14:[m[K   required from â€˜[01m[Kstd::shared_ptr<typename std::enable_if<(! std::is_array< <template-parameter-1-1> >::value), _Tp>::type> std::[01;32m[Kmake_shared[m[K(_Args&& ...) [35m[K[with _Tp = TemplatePublisher; _Args = {}; typename enable_if<(! is_array< <template-parameter-1-1> >::value), _Tp>::type = TemplatePublisher][m[K[m[Kâ€™
[0.286s] [01m[K/home/broodjesemih/ros2_ws/src/les_pkg/src/template_publisher.cpp:44:52:[m[K   required from here
[0.286s] [01m[K/usr/include/c++/13/ext/aligned_buffer.h:93:28:[m[K [01;31m[Kerror: [m[Kinvalid application of â€˜[01m[Ksizeof[m[Kâ€™ to incomplete type â€˜[01m[KTemplatePublisher[m[Kâ€™
[0.286s]    93 |     : std::aligned_storage<[01;31m[Ksizeof(_Tp)[m[K, __alignof__(_Tp)>
[0.286s]       |                            [01;31m[K^~~~~~~~~~~[m[K
[0.286s] [01m[K/usr/include/c++/13/ext/aligned_buffer.h:93:28:[m[K [01;31m[Kerror: [m[Kinvalid application of â€˜[01m[Ksizeof[m[Kâ€™ to incomplete type â€˜[01m[KTemplatePublisher[m[Kâ€™
[0.295s] gmake[2]: *** [CMakeFiles/template_publisher.dir/build.make:76: CMakeFiles/template_publisher.dir/src/template_publisher.cpp.o] Error 1
[0.295s] gmake[1]: *** [CMakeFiles/Makefile2:223: CMakeFiles/template_publisher.dir/all] Error 2
[0.295s] gmake[1]: *** Waiting for unfinished jobs....
[4.054s] [ 90%] [32m[1mLinking CXX executable template_subscriber[0m
[4.210s] [ 90%] Built target template_subscriber
[4.211s] gmake: *** [Makefile:146: all] Error 2
[4.212s] Invoked command in '/home/broodjesemih/ros2_ws/build/les_pkg' returned '2': CMAKE_PREFIX_PATH=${CMAKE_PREFIX_PATH}:/opt/ros/jazzy DEBUGINFOD_URLS=https://debuginfod.ubuntu.com /usr/bin/cmake --build /home/broodjesemih/ros2_ws/build/les_pkg -- -j20 -l20
